0 info it worked if it ends with ok
1 verbose cli [ 'node', '/usr/local/bin/npm', 'install', 'concat-stream' ]
2 info using npm@2.10.0
3 info using node@v0.12.2
4 verbose install initial load of /Users/mweingar/Desktop/node_Tut/package.json
5 verbose installManyTop reading scoped package data from /Users/mweingar/Desktop/node_Tut/node_modules/once/package.json
6 info package.json once@1.3.0 license should be a valid SPDX license expression
7 verbose readDependencies loading dependencies from /Users/mweingar/Desktop/node_Tut/package.json
8 silly cache add args [ 'concat-stream', null ]
9 verbose cache add spec concat-stream
10 silly cache add parsed spec { raw: 'concat-stream',
10 silly cache add   scope: null,
10 silly cache add   name: 'concat-stream',
10 silly cache add   rawSpec: '',
10 silly cache add   spec: '*',
10 silly cache add   type: 'range' }
11 silly addNamed concat-stream@*
12 verbose addNamed "*" is a valid semver range for concat-stream
13 silly addNameRange { name: 'concat-stream', range: '*', hasData: false }
14 silly mapToRegistry name concat-stream
15 silly mapToRegistry using default registry
16 silly mapToRegistry registry http://localhost:15443/
17 silly mapToRegistry uri http://localhost:15443/concat-stream
18 verbose addNameRange registry:http://localhost:15443/concat-stream not in flight; fetching
19 verbose request uri http://localhost:15443/concat-stream
20 verbose request no auth needed
21 info attempt registry request try #1 at 5:45:59 PM
22 verbose request id 7b4dcb90df4c639e
23 http request GET http://localhost:15443/concat-stream
24 info retry will retry, error on last attempt: Error: connect ECONNREFUSED
25 info attempt registry request try #2 at 5:46:09 PM
26 http request GET http://localhost:15443/concat-stream
27 info retry will retry, error on last attempt: Error: connect ECONNREFUSED
28 info attempt registry request try #3 at 5:47:09 PM
29 http request GET http://localhost:15443/concat-stream
30 verbose stack Error: connect ECONNREFUSED
30 verbose stack     at exports._errnoException (util.js:746:11)
30 verbose stack     at TCPConnectWrap.afterConnect [as oncomplete] (net.js:1000:19)
31 verbose cwd /Users/mweingar/Desktop/node_Tut
32 error Darwin 13.4.0
33 error argv "node" "/usr/local/bin/npm" "install" "concat-stream"
34 error node v0.12.2
35 error npm  v2.10.0
36 error code ECONNREFUSED
37 error errno ECONNREFUSED
38 error syscall connect
39 error Error: connect ECONNREFUSED
39 error     at exports._errnoException (util.js:746:11)
39 error     at TCPConnectWrap.afterConnect [as oncomplete] (net.js:1000:19)
39 error  { [Error: connect ECONNREFUSED]
39 error   code: 'ECONNREFUSED',
39 error   errno: 'ECONNREFUSED',
39 error   syscall: 'connect',
39 error   parent: 'node_tut' }
40 error If you are behind a proxy, please make sure that the
40 error 'proxy' config is set properly.  See: 'npm help config'
41 verbose exit [ 1, true ]
